<?xml version="1.0" encoding="UTF-8"?>
<testsuite xmlns:xsi="http://www.w3.org/2001/XMLSchema-instance" xsi:noNamespaceSchemaLocation="https://maven.apache.org/surefire/maven-surefire-plugin/xsd/surefire-test-report-3.0.xsd" version="3.0" name="com.edi.FileProj.FileProgramTest" time="0.071" tests="4" errors="0" skipped="0" failures="0">
  <properties>
    <property name="sun.desktop" value="windows"/>
    <property name="awt.toolkit" value="sun.awt.windows.WToolkit"/>
    <property name="file.encoding.pkg" value="sun.io"/>
    <property name="java.specification.version" value="1.8"/>
    <property name="sun.cpu.isalist" value="amd64"/>
    <property name="sun.jnu.encoding" value="Cp1252"/>
    <property name="java.class.path" value="C:\Users\a835485\eclipse-workspace\FileProject\target\test-classes;C:\Users\a835485\eclipse-workspace\FileProject\target\classes;C:\Users\a835485\.m2\repository\junit\junit\4.13.2\junit-4.13.2.jar;C:\Users\a835485\.m2\repository\org\hamcrest\hamcrest-core\1.3\hamcrest-core-1.3.jar;"/>
    <property name="java.vm.vendor" value="Oracle Corporation"/>
    <property name="sun.arch.data.model" value="64"/>
    <property name="user.variant" value=""/>
    <property name="java.vendor.url" value="http://java.oracle.com/"/>
    <property name="user.timezone" value="Asia/Calcutta"/>
    <property name="java.vm.specification.version" value="1.8"/>
    <property name="os.name" value="Windows 10"/>
    <property name="user.country" value="IN"/>
    <property name="sun.java.launcher" value="SUN_STANDARD"/>
    <property name="sun.boot.library.path" value="C:\Program Files\Java\jdk1.8.0_321\jre\bin"/>
    <property name="sun.java.command" value="C:\Users\a835485\AppData\Local\Temp\surefire1481677660555185549\surefirebooter8772349659572988757.jar C:\Users\a835485\AppData\Local\Temp\surefire1481677660555185549 2022-03-26T16-30-52_789-jvmRun1 surefire8312162788728429714tmp surefire_06579897508575432593tmp"/>
    <property name="surefire.test.class.path" value="C:\Users\a835485\eclipse-workspace\FileProject\target\test-classes;C:\Users\a835485\eclipse-workspace\FileProject\target\classes;C:\Users\a835485\.m2\repository\junit\junit\4.13.2\junit-4.13.2.jar;C:\Users\a835485\.m2\repository\org\hamcrest\hamcrest-core\1.3\hamcrest-core-1.3.jar;"/>
    <property name="sun.cpu.endian" value="little"/>
    <property name="user.home" value="C:\Users\a835485"/>
    <property name="user.language" value="en"/>
    <property name="java.specification.vendor" value="Oracle Corporation"/>
    <property name="java.home" value="C:\Program Files\Java\jdk1.8.0_321\jre"/>
    <property name="basedir" value="C:\Users\a835485\eclipse-workspace\FileProject"/>
    <property name="file.separator" value="\"/>
    <property name="line.separator" value="&#10;"/>
    <property name="java.vm.specification.vendor" value="Oracle Corporation"/>
    <property name="java.specification.name" value="Java Platform API Specification"/>
    <property name="java.awt.graphicsenv" value="sun.awt.Win32GraphicsEnvironment"/>
    <property name="surefire.real.class.path" value="C:\Users\a835485\AppData\Local\Temp\surefire1481677660555185549\surefirebooter8772349659572988757.jar"/>
    <property name="sun.boot.class.path" value="C:\Program Files\Java\jdk1.8.0_321\jre\lib\resources.jar;C:\Program Files\Java\jdk1.8.0_321\jre\lib\rt.jar;C:\Program Files\Java\jdk1.8.0_321\jre\lib\sunrsasign.jar;C:\Program Files\Java\jdk1.8.0_321\jre\lib\jsse.jar;C:\Program Files\Java\jdk1.8.0_321\jre\lib\jce.jar;C:\Program Files\Java\jdk1.8.0_321\jre\lib\charsets.jar;C:\Program Files\Java\jdk1.8.0_321\jre\lib\jfr.jar;C:\Program Files\Java\jdk1.8.0_321\jre\classes"/>
    <property name="user.script" value=""/>
    <property name="sun.management.compiler" value="HotSpot 64-Bit Tiered Compilers"/>
    <property name="java.runtime.version" value="1.8.0_321-b07"/>
    <property name="user.name" value="a835485"/>
    <property name="path.separator" value=";"/>
    <property name="os.version" value="10.0"/>
    <property name="java.endorsed.dirs" value="C:\Program Files\Java\jdk1.8.0_321\jre\lib\endorsed"/>
    <property name="java.runtime.name" value="Java(TM) SE Runtime Environment"/>
    <property name="file.encoding" value="Cp1252"/>
    <property name="java.vm.name" value="Java HotSpot(TM) 64-Bit Server VM"/>
    <property name="localRepository" value="C:\Users\a835485\.m2\repository"/>
    <property name="java.vendor.url.bug" value="http://bugreport.sun.com/bugreport/"/>
    <property name="java.io.tmpdir" value="C:\Users\a835485\AppData\Local\Temp\"/>
    <property name="java.version" value="1.8.0_321"/>
    <property name="user.dir" value="C:\Users\a835485\eclipse-workspace\FileProject"/>
    <property name="os.arch" value="amd64"/>
    <property name="java.vm.specification.name" value="Java Virtual Machine Specification"/>
    <property name="java.awt.printerjob" value="sun.awt.windows.WPrinterJob"/>
    <property name="sun.os.patch.level" value=""/>
    <property name="java.library.path" value="C:\Program Files\Java\jdk1.8.0_321\jre\bin;C:\Windows\Sun\Java\bin;C:\Windows\system32;C:\Windows;C:\Users\a835485\bin;C:\Users\a835485\AppData\Local\Programs\Git\mingw64\bin;C:\Users\a835485\AppData\Local\Programs\Git\usr\local\bin;C:\Users\a835485\AppData\Local\Programs\Git\usr\bin;C:\Users\a835485\AppData\Local\Programs\Git\usr\bin;C:\Users\a835485\AppData\Local\Programs\Git\mingw64\bin;C:\Users\a835485\AppData\Local\Programs\Git\usr\bin;C:\Users\a835485\bin;C:\Program Files\Python310\Scripts;C:\Program Files\Python310;C:\Program Files (x86)\Common Files\Oracle\Java\javapath;C:\Windows\system32;C:\Windows;C:\Windows\System32\Wbem;C:\Windows\System32\WindowsPowerShell\v1.0;C:\Windows\System32\OpenSSH;C:\Program Files (x86)\Common Files\Pulse Secure\VC142.CRT\X64;C:\Program Files (x86)\Common Files\Pulse Secure\VC142.CRT\X86;C:\Program Files (x86)\Pulse Secure\VC142.CRT\X64;C:\Program Files (x86)\Pulse Secure\VC142.CRT\X86;C:\Maven\bin;C:\Program Files\Java\jdk1.8.0_321\bin;C:\Program Files\Docker\Docker\resources\bin;C:\ProgramData\DockerDesktop\version-bin;C:\Program Files (x86)\Common Files\Pulse Secure\TNC Client Plugin;C:\Users\a835485\AppData\Local\Microsoft\WindowsApps;C:\Users\a835485\AppData\Local\Programs\Git\usr\bin\vendor_perl;C:\Users\a835485\AppData\Local\Programs\Git\usr\bin\core_perl;."/>
    <property name="java.vm.info" value="mixed mode"/>
    <property name="java.vendor" value="Oracle Corporation"/>
    <property name="java.vm.version" value="25.321-b07"/>
    <property name="java.ext.dirs" value="C:\Program Files\Java\jdk1.8.0_321\jre\lib\ext;C:\Windows\Sun\Java\lib\ext"/>
    <property name="sun.io.unicode.encoding" value="UnicodeLittle"/>
    <property name="java.class.version" value="52.0"/>
  </properties>
  <testcase name="test2" classname="com.edi.FileProj.FileProgramTest" time="0.006">
    <system-out><![CDATA[Successfully wrote to the file.
Arit
]]></system-out>
  </testcase>
  <testcase name="test3" classname="com.edi.FileProj.FileProgramTest" time="0.012">
    <system-out><![CDATA[Files in Java might be tricky.
]]></system-out>
  </testcase>
  <testcase name="test4" classname="com.edi.FileProj.FileProgramTest" time="0.003"/>
  <testcase name="FileCreationTest" classname="com.edi.FileProj.FileProgramTest" time="0.003">
    <system-out><![CDATA[The file already exists.
]]></system-out>
  </testcase>
</testsuite>